[17/09/23 21:16:14] "63.不定积分：递推公式" | https://www.bilibili.com/video/BV12h41197T9
[17/09/23 21:19:52] "word20day.mp4" | D:\home\video\word20day.mp4
[17/09/23 21:36:26] "【mpv-lazy】功能强大的 mpv 懒人版" | https://www.bilibili.com/video/BV1zZ4y1C7kx
[17/09/23 21:42:29] "三步记住 任意区间点火公式——华里士公式" | https://www.bilibili.com/video/BV1eF411V7ez
[17/09/23 22:21:28] "家人们，攒了三个超赞的家庭小料理分享给大家，学会了做给家人吃，你会回来谢我….番茄肥牛盖饭、葱烧鸡、萝卜海带排骨汤 [BV1hK411q7u9].mp4" | C:\Users\Luo_HW\AppData\Local\Vivaldi\User Data\Default\Network/.\家人们，攒了三个超赞的家庭小料理分享给大家，学会了做给家人吃，你会回来谢我….番茄肥牛盖饭、葱烧鸡、萝卜海带排骨汤 [BV1hK411q7u9].mp4
[17/09/23 22:52:25] "家人们，攒了三个超赞的家庭小料理分享给大家，学会了做给家人吃，你会回来谢我….番茄肥牛盖饭、葱烧鸡、萝卜海带排骨汤 [BV1hK411q7u9].mp4" | C:\Users\Luo_HW\AppData\Local\Vivaldi\User Data\Default\Network\家人们，攒了三个超赞的家庭小料理分享给大家，学会了做给家人吃，你会回来谢我….番茄肥牛盖饭、葱烧鸡、萝卜海带排骨汤 [BV1hK411q7u9].mp4
[17/09/23 22:57:17] "家人们，攒了三个超赞的家庭小料理分享给大家，学会了做给家人吃，你会回来谢我….番茄肥牛盖饭、葱烧鸡、萝卜海带排骨汤" | https://www.bilibili.com/video/BV1hK411q7u9
[18/09/23 10:48:17] "20230915-150313_screenshot.png" | d:/home/documents/roam/math/picture/20230915-150313_screenshot.png
[18/09/23 10:48:18] "20230915-151423_screenshot.png" | d:/home/documents/roam/math/picture/20230915-151423_screenshot.png
[18/09/23 10:48:21] "20230915-151758_IMG_20230915_151645_edit_158127105728376.jpg" | d:/home/documents/roam/math/picture/20230915-151758_IMG_20230915_151645_edit_158127105728376.jpg
[18/09/23 10:48:22] "20230915-152000_IMG_20230915_151937_edit_158301209068101.jpg" | d:/home/documents/roam/math/picture/20230915-152000_IMG_20230915_151937_edit_158301209068101.jpg
[18/09/23 10:48:23] "20230915-152318_IMG_20230915_152110_edit_158442469625287.jpg" | d:/home/documents/roam/math/picture/20230915-152318_IMG_20230915_152110_edit_158442469625287.jpg
[18/09/23 10:48:25] "20230915-152513_IMG_20230915_152504.jpg" | d:/home/documents/roam/math/picture/20230915-152513_IMG_20230915_152504.jpg
[18/09/23 10:48:26] "20230915-152639_IMG_20230915_152557_edit_158695862937794.jpg" | d:/home/documents/roam/math/picture/20230915-152639_IMG_20230915_152557_edit_158695862937794.jpg
[18/09/23 10:48:27] "20230915-164446_screenshot.png" | d:/home/documents/roam/math/picture/20230915-164446_screenshot.png
[18/09/23 10:48:28] "20230915-164454_screenshot.png" | d:/home/documents/roam/math/picture/20230915-164454_screenshot.png
[18/09/23 10:48:29] "20230915-165052_screenshot.png" | d:/home/documents/roam/math/picture/20230915-165052_screenshot.png
[18/09/23 10:48:30] "20230915-165159_screenshot.png" | d:/home/documents/roam/math/picture/20230915-165159_screenshot.png
[18/09/23 10:48:31] "20230915-165516_screenshot.png" | d:/home/documents/roam/math/picture/20230915-165516_screenshot.png
[18/09/23 10:48:32] "20230915-165606_screenshot.png" | d:/home/documents/roam/math/picture/20230915-165606_screenshot.png
[18/09/23 10:48:34] "20230915-165947_IMG_20230915_165827_edit_164272404309000.jpg" | d:/home/documents/roam/math/picture/20230915-165947_IMG_20230915_165827_edit_164272404309000.jpg
[18/09/23 10:48:35] "20230915-170104_IMG_20230915_170024_edit_164348361808815.jpg" | d:/home/documents/roam/math/picture/20230915-170104_IMG_20230915_170024_edit_164348361808815.jpg
[18/09/23 10:48:37] "20230915-170503_IMG_20230915_170424_edit_164599276778355.jpg" | d:/home/documents/roam/math/picture/20230915-170503_IMG_20230915_170424_edit_164599276778355.jpg
[18/09/23 10:48:38] "20230915-170558_IMG_20230915_170525_edit_164656450518906.jpg" | d:/home/documents/roam/math/picture/20230915-170558_IMG_20230915_170525_edit_164656450518906.jpg
[18/09/23 10:48:39] "20230915-171038_IMG_20230915_170949_edit_164820151491708.jpg" | d:/home/documents/roam/math/picture/20230915-171038_IMG_20230915_170949_edit_164820151491708.jpg
[18/09/23 10:48:40] "20230915-171129_IMG_20230915_171100_edit_164890119779546.jpg" | d:/home/documents/roam/math/picture/20230915-171129_IMG_20230915_171100_edit_164890119779546.jpg
[18/09/23 10:48:40] "20230915-171428_IMG_20230915_171341_edit_164960569735613.jpg" | d:/home/documents/roam/math/picture/20230915-171428_IMG_20230915_171341_edit_164960569735613.jpg
[18/09/23 11:03:50] "点火公式及其拓展" | https://www.bilibili.com/video/BV1xV4y1C7Qj
[18/09/23 11:04:22] "63.不定积分：递推公式" | https://www.bilibili.com/video/BV12h41197T9/?share_source=copy_web&vd_source=b3868dd35d6be8a2b3e3e4ac452cef10
[18/09/23 22:51:42] "20230528_182405.mp4" | D:\home\HONOR\Screenshot\20230528_182405.mp4
[19/09/23 13:28:21] "20230919_132535.mp4" | D:\home\HONOR\Screenshot\20230919_132535.mp4
[20/09/23 15:19:48] "20230920-140744.mp4" | D:\home\documents\roam\video\20230920-140744.mp4
[20/09/23 15:20:13] "20230920-140651.mp4" | D:\home\documents\roam\video\20230920-140651.mp4
[21/09/23 14:42:51] "有理积分.mp4" | d:/home/documents/roam/video/有理积分.mp4
[21/09/23 14:42:58] "代词.mp4" | d:/home/documents/roam/video/代词.mp4
[21/09/23 14:58:18] "定积分的精确定义.mp4" | d:/home/documents/roam/video/定积分的精确定义.mp4
[22/09/23 11:14:44] "名词.mp4" | d:/home/documents/roam/video/名词.mp4
[22/09/23 19:44:00] "20230922-101526.mp4" | D:\home\documents\roam\video/.\20230922-101526.mp4
[22/09/23 19:52:38] "20230922-103618.mp4" | D:\home\documents\roam\video\20230922-103618.mp4
[22/09/23 20:18:09] "定积分的精确定义.mp4" | D:\home\documents\roam\video\定积分的精确定义.mp4
[22/09/23 20:18:23] "名词.mp4" | D:\home\documents\roam\video\名词.mp4
[22/09/23 20:19:35] "冠词.mp4" | D:\home\documents\roam\video\冠词.mp4
